ERROR:root:Error in best_match: 'NoneType' object has no attribute 'items'
ERROR:root:Error in recognise_song: No Music found
INFO:root:MainProcess waiting to write .\Samples\StarWars60.wav
INFO:root:Single-threaded write of .\Samples\StarWars60.wav
INFO:root:MainProcess done writing .\Samples\StarWars60.wav
INFO:simple_settings.strategies.python:Cannot load settings as python settings file
ERROR:root:Error in register_song: Invalid settings file [settings]
INFO:root:MainProcess waiting to write Musik\CantinaBand60.wav
INFO:root:MainProcess done writing Musik\CantinaBand60.wav
INFO:root:MainProcess waiting to write Musik\StarWars60.wav
INFO:root:MainProcess done writing Musik\StarWars60.wav
INFO:root:MainProcess waiting to write Musik\CantinaBand60.wav
INFO:root:MainProcess done writing Musik\CantinaBand60.wav
INFO:root:MainProcess waiting to write Musik\StarWars60.wav
INFO:root:MainProcess done writing Musik\StarWars60.wav
INFO:root:MainProcess waiting to write Musik\CantinaBand60.wav
INFO:root:MainProcess done writing Musik\CantinaBand60.wav
INFO:root:MainProcess waiting to write Musik\StarWars60.wav
INFO:root:MainProcess done writing Musik\StarWars60.wav
INFO:root:Musik\CantinaBand60.wav is already registered
INFO:root:Musik\CantinaBand60.wav is already registered. (2024-02-23 08:04:41.641298)
INFO:root:Discover the fingerprint of Musik\StarWars3.wav. (2024-02-23 08:18:45.450806)
INFO:root:Find matches for Musik\StarWars3.wav. (2024-02-23 08:18:45.460869)
INFO:root:Matched Musik\StarWars60.wav
INFO:root:Discover the fingerprint of Musik\StarWars3.wav. (2024-02-23 08:18:52.194008)
INFO:root:Find matches for Musik\StarWars3.wav. (2024-02-23 08:18:52.203011)
INFO:root:Matched Musik\StarWars60.wav
INFO:root:Discover the fingerprint of Musik\StarWars3.wav. (2024-02-23 08:18:58.647558)
INFO:root:Find matches for Musik\StarWars3.wav. (2024-02-23 08:18:58.656562)
INFO:root:Matched Musik\StarWars60.wav
INFO:root:Discover the fingerprint of Musik\StarWars3.wav. (2024-02-23 08:19:16.521843)
INFO:root:Find matches for Musik\StarWars3.wav. (2024-02-23 08:19:16.531849)
INFO:root:Matched Musik\StarWars60.wav
INFO:root:Discover the fingerprint of Musik\StarWars3.wav. (2024-02-23 08:19:22.243096)
INFO:root:Find matches for Musik\StarWars3.wav. (2024-02-23 08:19:22.253102)
INFO:root:Matched Musik\StarWars60.wav
INFO:root:Discover the fingerprint of Musik\StarWars3.wav. (2024-02-23 08:19:28.699455)
INFO:root:Find matches for Musik\StarWars3.wav. (2024-02-23 08:19:28.709963)
INFO:root:Matched Musik\StarWars60.wav
INFO:root:Discover the fingerprint of Musik\StarWars3.wav. (2024-02-23 08:19:35.155264)
INFO:root:Find matches for Musik\StarWars3.wav. (2024-02-23 08:19:35.164273)
INFO:root:Matched Musik\StarWars60.wav
INFO:root:Discover the fingerprint of Musik\StarWars3.wav. (2024-02-23 08:19:41.619508)
INFO:root:Find matches for Musik\StarWars3.wav. (2024-02-23 08:19:41.628532)
INFO:root:Matched Musik\StarWars60.wav
INFO:root:Discover the fingerprint of Musik\StarWars3.wav. (2024-02-23 08:21:11.161252)
INFO:root:Find matches for Musik\StarWars3.wav. (2024-02-23 08:21:11.171769)
INFO:root:Matched Musik\StarWars60.wav
INFO:root:Discover the fingerprint of Musik\StarWars3.wav. (2024-02-23 08:21:17.785253)
INFO:root:Find matches for Musik\StarWars3.wav. (2024-02-23 08:21:17.794258)
INFO:root:Matched Musik\StarWars60.wav
INFO:root:Discover the fingerprint of Musik\CantinaBand3.wav. (2024-02-23 08:23:37.203043)
INFO:root:Find matches for Musik\CantinaBand3.wav. (2024-02-23 08:23:37.213105)
INFO:root:Matched Musik\CantinaBand60.wav
INFO:root:Discover the fingerprint of Musik\CantinaBand3.wav. (2024-02-23 08:23:43.766101)
INFO:root:Find matches for Musik\CantinaBand3.wav. (2024-02-23 08:23:43.775112)
INFO:root:Matched Musik\CantinaBand60.wav
INFO:root:Discover the fingerprint of Musik\CantinaBand3.wav. (2024-02-23 08:26:00.126180)
INFO:root:Find matches for Musik\CantinaBand3.wav. (2024-02-23 08:26:00.135688)
INFO:root:Matched Musik\CantinaBand60.wav
INFO:root:Musik\CantinaBand60.wav is already registered. (2024-02-23 08:27:34.298077)
INFO:root:Musik\CantinaBand60.wav is already registered. (2024-02-23 08:27:38.330433)
INFO:root:Discover the fingerprint of Musik\CantinaBand3.wav. (2024-02-23 08:27:49.403111)
INFO:root:Find matches for Musik\CantinaBand3.wav. (2024-02-23 08:27:49.413126)
INFO:root:Matched Musik\CantinaBand60.wav
INFO:root:Discover the fingerprint of Musik\CantinaBand3.wav. (2024-02-23 08:28:01.981435)
INFO:root:Find matches for Musik\CantinaBand3.wav. (2024-02-23 08:28:01.990516)
INFO:root:Matched Musik\CantinaBand60.wav
INFO:root:Discover the fingerprint of Musik\CantinaBand3.wav. (2024-02-23 08:29:03.390301)
INFO:root:Find matches for Musik\CantinaBand3.wav. (2024-02-23 08:29:03.401306)
INFO:root:Matched Musik\CantinaBand60.wav
INFO:root:Discover the fingerprint of Musik\CantinaBand3.wav. (2024-02-23 08:29:21.642106)
INFO:root:Find matches for Musik\CantinaBand3.wav. (2024-02-23 08:29:21.651618)
INFO:root:Matched Musik\CantinaBand60.wav
INFO:root:Discover the fingerprint of Musik\CantinaBand3.wav. (2024-02-23 08:30:15.778341)
INFO:root:Find matches for Musik\CantinaBand3.wav. (2024-02-23 08:30:15.787852)
INFO:root:Matched Musik\CantinaBand60.wav
INFO:root:Discover the fingerprint of Musik\StarWars3.wav. (2024-02-23 08:30:49.884665)
INFO:root:Find matches for Musik\StarWars3.wav. (2024-02-23 08:30:49.894725)
INFO:root:Matched Musik\StarWars60.wav
INFO:root:Musik\StarWars60.wav is already registered. (2024-02-23 08:32:37.403332)
INFO:root:Discover the fingerprint of Musik\StarWars3.wav. (2024-02-23 08:32:43.041536)
INFO:root:Find matches for Musik\StarWars3.wav. (2024-02-23 08:32:43.050538)
INFO:root:Matched Musik\StarWars60.wav
INFO:root:Discover the fingerprint of Musik\StarWars3.wav. (2024-02-23 08:33:37.437560)
INFO:root:Find matches for Musik\StarWars3.wav. (2024-02-23 08:33:37.447070)
INFO:root:Matched Musik\StarWars60.wav
INFO:root:Musik\CantinaBand60.wav is already registered. (2024-02-23 08:34:34.429725)
INFO:root:Discover the fingerprint of Musik\StarWars3.wav. (2024-02-23 08:34:41.634437)
INFO:root:Find matches for Musik\StarWars3.wav. (2024-02-23 08:34:41.643459)
INFO:root:Matched Musik\StarWars60.wav
INFO:root:Discover the fingerprint of Musik\StarWars3.wav. (2024-02-23 08:35:12.155633)
INFO:root:Find matches for Musik\StarWars3.wav. (2024-02-23 08:35:12.166158)
INFO:root:Matched Musik\StarWars60.wav
INFO:root:Discover the fingerprint of Musik\CantinaBand3.wav. (2024-02-23 08:35:22.073182)
INFO:root:Find matches for Musik\CantinaBand3.wav. (2024-02-23 08:35:22.083190)
INFO:root:Matched Musik\CantinaBand60.wav
INFO:root:Discover the fingerprint of Musik\StarWars3.wav. (2024-02-23 08:58:31.229960)
INFO:root:Find matches for Musik\StarWars3.wav. (2024-02-23 08:58:31.239966)
INFO:root:Matched Musik\StarWars60.wav
INFO:root:Discover the fingerprint of Musik\StarWars3.wav. (2024-02-23 08:58:47.370822)
INFO:root:Find matches for Musik\StarWars3.wav. (2024-02-23 08:58:47.380325)
INFO:root:Matched Musik\StarWars60.wav
INFO:root:Discover the fingerprint of Musik\StarWars60.wav. (2024-02-23 08:59:16.186568)
INFO:root:Find matches for Musik\StarWars60.wav. (2024-02-23 08:59:16.578938)
ERROR:root:Error in recognise_song: 'NoneType' object has no attribute 'file_path'. (2024-02-23 08:59:16.669599)
INFO:root:Discover the fingerprint of Musik\CantinaBand3.wav. (2024-02-23 08:59:59.956562)
INFO:root:Find matches for Musik\CantinaBand3.wav. (2024-02-23 08:59:59.966075)
INFO:root:Matched Musik\CantinaBand60.wav
INFO:root:Discover the fingerprint of Musik\StarWars3.wav. (2024-02-23 09:00:56.927247)
INFO:root:Find matches for Musik\StarWars3.wav. (2024-02-23 09:00:56.937255)
INFO:root:Matched Musik\StarWars60.wav
INFO:root:Discover the fingerprint of Musik\CantinaBand3.wav. (2024-02-23 09:01:17.109472)
INFO:root:Find matches for Musik\CantinaBand3.wav. (2024-02-23 09:01:17.118989)
INFO:root:Matched Musik\CantinaBand60.wav
INFO:root:Discover the fingerprint of Musik\CantinaBand3.wav. (2024-02-23 09:07:54.450246)
INFO:root:Find matches for Musik\CantinaBand3.wav. (2024-02-23 09:07:54.460260)
INFO:root:Matched Musik\CantinaBand60.wav
INFO:root:MainProcess waiting to write .\Samples\StarWars60.wav. (2024-02-23 09:13:10.376979
INFO:root:MainProcess done writing .\Samples\StarWars60.wav. (2024-02-23 09:13:11.640173)
INFO:root:.\Samples\StarWars60.wav is already registered. (2024-02-23 09:13:43.491982)
INFO:root:MainProcess waiting to write Musik\CantinaBand60.wav. (2024-02-23 09:17:16.344082
INFO:root:MainProcess done writing Musik\CantinaBand60.wav. (2024-02-23 09:17:16.443251)
INFO:root:MainProcess waiting to write Musik\StarWars60.wav. (2024-02-23 09:17:23.794333
INFO:root:MainProcess done writing Musik\StarWars60.wav. (2024-02-23 09:17:23.997124)
INFO:root:Discover the fingerprint of Musik\CantinaBand3.wav. (2024-02-23 09:17:30.551991)
INFO:root:Find matches for Musik\CantinaBand3.wav. (2024-02-23 09:17:30.561997)
INFO:root:Matched Musik\CantinaBand60.wav
INFO:root:Discover the fingerprint of Musik\StarWars3.wav. (2024-02-23 09:17:37.184245)
INFO:root:Find matches for Musik\StarWars3.wav. (2024-02-23 09:17:37.195770)
INFO:root:Matched Musik\StarWars60.wav
INFO:root:Discover the fingerprint of Musik\StarWars3.wav. (2024-02-23 09:19:06.263855)
INFO:root:Find matches for Musik\StarWars3.wav. (2024-02-23 09:19:06.273861)
INFO:root:Matched Musik\StarWars60.wav
INFO:root:Discover the fingerprint of Musik\CantinaBand3.wav. (2024-02-23 09:19:32.416951)
INFO:root:Find matches for Musik\CantinaBand3.wav. (2024-02-23 09:19:32.426463)
INFO:root:Matched Musik\CantinaBand60.wav
ERROR:root:Error in recognise_song: 'NoneType' object has no attribute 'shape'. (2024-02-23 09:57:48.657637)
ERROR:root:Error in recognise_song: 'NoneType' object has no attribute 'shape'. (2024-02-23 09:58:43.121374)
ERROR:root:Error in recognise_song: 'str' object has no attribute 'shape'. (2024-02-23 10:01:59.029350)
INFO:root:Find matches for Musik/recorded_song.wav. (2024-02-23 10:03:11.303387)
INFO:root:Matched Musik\StarWars60.wav
INFO:root:Find matches for Musik/recorded_song.wav. (2024-02-23 10:04:23.371714)
INFO:root:Matched Musik\StarWars60.wav
INFO:root:Find matches for Musik/recorded_song.wav. (2024-02-23 10:05:31.119533)
INFO:root:Matched Musik\StarWars60.wav
INFO:root:Find matches for Musik/recorded_song.wav. (2024-02-23 10:06:00.726393)
INFO:root:Matched Musik\StarWars60.wav
INFO:root:Find matches for Musik/recorded_song.wav. (2024-02-23 10:07:19.370284)
ERROR:root:Error in recognise_song: 'NoneType' object has no attribute 'file_path'. (2024-02-23 10:07:20.592313)
INFO:root:Find matches for Musik/recorded_song.wav. (2024-02-23 10:10:51.697576)
ERROR:root:Error in recognise_song: exceptions must derive from BaseException. (2024-02-23 10:10:53.162805)
INFO:root:Find matches for Musik/recorded_song.wav. (2024-02-23 10:12:36.091574)
ERROR:root:Error in recognise_song: Song not found in database: 'NoneType' object has no attribute 'file_path'. (2024-02-23 10:12:37.314002)
INFO:root:Find matches for Musik/recorded_song.wav. (2024-02-23 10:13:26.516348)
ERROR:root:Error in recognise_song: Song not found in database.. (2024-02-23 10:13:27.879759)
INFO:root:Find matches for Musik/recorded_song.wav. (2024-02-23 10:14:10.541338)
ERROR:root:Error in recognise_song: Song not found in database.. (2024-02-23 10:14:11.972583)
INFO:root:Find matches for Musik/recorded_song.wav. (2024-02-23 10:15:06.600368)
ERROR:root:Error in recognise_song: Song not found in database.. (2024-02-23 10:15:07.852365)
INFO:root:Find matches for Musik/recorded_song.wav. (2024-02-23 10:15:57.284904)
ERROR:root:Error in recognise_song: Song not found in database.. (2024-02-23 10:15:58.693208)
INFO:root:Find matches for Musik/recorded_song.wav. (2024-02-23 10:16:50.279691)
ERROR:root:Error in recognise_song: Song not found in database.. (2024-02-23 10:16:51.542513)
INFO:root:Find matches for Musik/recorded_song.wav. (2024-02-23 10:17:42.475578)
ERROR:root:Error in recognise_song: Song not found in database.. (2024-02-23 10:17:43.393221)
INFO:root:Find matches for Musik/recorded_song.wav. (2024-02-23 10:17:55.991240)
ERROR:root:Error in recognise_song: Song not found in database.. (2024-02-23 10:17:57.063806)
INFO:root:Musik\CantinaBand60.wav is already registered. (2024-02-23 10:19:10.918910)
INFO:root:Find matches for Musik/recorded_song.wav. (2024-02-23 10:19:43.140714)
INFO:root:Matched Musik\CantinaBand60.wav
INFO:root:Find matches for Musik/recorded_song.wav. (2024-02-23 10:20:08.813247)
ERROR:root:Error in recognise_song: Song not found in database.. (2024-02-23 10:20:09.972510)
INFO:root:Find matches for Musik/recorded_song.wav. (2024-02-23 10:20:36.534434)
INFO:root:Matched Musik\CantinaBand60.wav
INFO:root:Find matches for Musik/recorded_song.wav. (2024-02-23 10:21:15.138832)
ERROR:root:Error in recognise_song: Song not found in database.. (2024-02-23 10:21:16.528514)
INFO:root:Find matches for Musik/recorded_song.wav. (2024-02-23 10:21:32.829094)
ERROR:root:Error in recognise_song: Song not found in database.. (2024-02-23 10:21:33.622803)
INFO:root:Find matches for Musik/recorded_song.wav. (2024-02-23 10:21:48.097950)
ERROR:root:Error in recognise_song: Song not found in database.. (2024-02-23 10:21:49.169843)
INFO:root:Find matches for Musik/recorded_song.wav. (2024-02-23 10:22:36.427841)
ERROR:root:Error in recognise_song: Song not found in database.. (2024-02-23 10:22:37.737068)
INFO:root:Find matches for Musik/recorded_song.wav. (2024-02-23 10:22:56.200091)
INFO:root:Matched Musik\CantinaBand60.wav
INFO:root:Find matches for Musik/recorded_song.wav. (2024-02-23 10:23:12.185688)
INFO:root:Matched Musik\StarWars60.wav
INFO:root:Find matches for Musik/recorded_song.wav. (2024-02-23 10:23:28.286002)
INFO:root:Matched Musik\StarWars60.wav
INFO:root:Find matches for Musik/recorded_song.wav. (2024-02-23 10:23:58.640527)
ERROR:root:Error in recognise_song: Song not found in database.. (2024-02-23 10:23:59.839180)
INFO:root:Find matches for Musik/recorded_song.wav. (2024-02-23 10:24:14.121898)
ERROR:root:Error in recognise_song: Song not found in database.. (2024-02-23 10:24:15.573809)
INFO:root:Find matches for Musik/recorded_song.wav. (2024-02-23 10:24:32.539971)
INFO:root:Matched Musik\StarWars60.wav
INFO:root:Find matches for Musik/recorded_song.wav. (2024-02-23 10:24:55.457721)
INFO:root:Matched Musik\CantinaBand60.wav
INFO:root:Find matches for Musik/recorded_song.wav. (2024-02-23 10:25:12.775059)
ERROR:root:Error in recognise_song: Song not found in database.. (2024-02-23 10:25:13.877934)
INFO:root:Discover the fingerprint of Musik\StarWars3.wav. (2024-02-23 10:25:26.155963)
INFO:root:Find matches for Musik\StarWars3.wav. (2024-02-23 10:25:26.166470)
INFO:root:Matched Musik\StarWars60.wav
INFO:root:Musik\CantinaBand60.wav is already registered. (2024-02-23 11:19:12.978694)
INFO:root:Musik\CantinaBand60.wav is already registered. (2024-02-23 11:19:25.832040)
INFO:root:Musik\CantinaBand60.wav is already registered. (2024-02-23 11:19:48.650033)
INFO:root:Musik\StarWars60.wav is already registered. (2024-02-23 11:19:53.760882)
INFO:root:Discover the fingerprint of Musik\StarWars3.wav. (2024-02-23 11:19:59.898308)
INFO:root:Find matches for Musik\StarWars3.wav. (2024-02-23 11:19:59.908316)
INFO:root:Matched Musik\StarWars60.wav
INFO:root:Discover the fingerprint of Musik\CantinaBand3.wav. (2024-02-23 11:20:08.419726)
INFO:root:Find matches for Musik\CantinaBand3.wav. (2024-02-23 11:20:08.432260)
INFO:root:Matched Musik\CantinaBand60.wav
INFO:root:Find matches for Musik/recorded_song.wav. (2024-02-23 11:22:27.790733)
INFO:root:Matched Musik\CantinaBand60.wav
INFO:root:Discover the fingerprint of Musik\StarWars3.wav. (2024-02-23 11:23:05.222098)
INFO:root:Find matches for Musik\StarWars3.wav. (2024-02-23 11:23:05.232109)
INFO:root:Matched Musik\StarWars60.wav
